{"level":"info","message":"User TCH001 logged in"}
{"level":"info","message":"User logged out"}
{"level":"info","message":"User TCH001 logged in"}
{"level":"info","message":"User TCH001 logged in"}
{"level":"info","message":"User TCH001 logged in"}
{"level":"info","message":"User  logged out"}
{"level":"info","message":"User TCH001 logged in"}
{"level":"info","message":"User TCH001 logged in"}
{"level":"info","message":"User TCH001 logged in"}
{"level":"info","message":"User TCH001 logged in"}
{"level":"info","message":"User TCH001 logged in"}
{"level":"info","message":"User TCH001 logged in"}
{"level":"info","message":"User TCH001 logged in"}
{"level":"info","message":"User TCH001 logged in"}
{"level":"info","message":"User TCH001 logged in"}
{"level":"info","message":"User TCH001 logged in"}
{"level":"info","message":"User TCH001 logged in"}
{"level":"info","message":"User TCH001 logged in"}
{"level":"info","message":"User TCH001 logged in"}
{"level":"info","message":"User TCH001 logged in"}
{"level":"info","message":"User TCH001 logged in"}
{"level":"info","message":"User TCH001 logged in"}
{"level":"info","message":"User TCH001 logged in"}
{"level":"info","message":"User TCH001 logged in"}
{"level":"info","message":"User TCH001 logged in"}
{"level":"info","message":"User TCH001 logged in"}
{"level":"info","message":"User TCH001 logged in"}
{"level":"info","message":"User TCH001 logged in"}
{"level":"info","message":"User TCH001 logged in"}
{"level":"info","message":"User TCH001 logged in"}
{"level":"info","message":"User TCH001 logged in"}
{"level":"info","message":"User TCH001 logged in"}
{"level":"info","message":"User TCH001 logged in"}
{"level":"info","message":"User TCH001 logged in"}
{"level":"info","message":"User TCH001 logged in"}
{"level":"info","message":"User TCH001 logged in"}
{"level":"info","message":"User TCH001 logged in"}
{"level":"info","message":"User TCH001 logged in"}
{"level":"info","message":"User TCH001 logged in"}
{"level":"info","message":"User TCH001 logged in"}
{"level":"info","message":"User TCH001 logged in"}
{"level":"info","message":"User TCH001 logged in"}
{"level":"info","message":"User TCH001 logged in"}
{"level":"info","message":"User TCH001 logged in"}
{"level":"info","message":"User TCH001 logged in"}
{"level":"info","message":"User TCH001 logged in"}
{"level":"info","message":"User TCH001 logged in"}
{"level":"info","message":"User TCH001 logged in"}
{"level":"info","message":"User TCH001 logged in"}
{"level":"info","message":"User TCH001 logged in"}
{"level":"info","message":"User TCH001 logged in"}
{"level":"info","message":"User TCH001 logged in"}
{"level":"info","message":"User TCH001 logged in"}
{"level":"info","message":"User TCH001 logged in"}
{"level":"info","message":"User TCH001 logged in"}
{"level":"info","message":"User TCH001 logged in"}
{"level":"info","message":"User TCH001 logged in"}
{"level":"info","message":"User STU789 logged in"}
{"level":"info","message":"User TCH001 logged in"}
{"level":"info","message":"User TCH001 logged in"}
{"level":"info","message":"User TCH001 logged in"}
{"level":"info","message":"User TCH001 logged in"}
{"level":"info","message":"User  logged out"}
{"level":"info","message":"User TCH001 logged in"}
{"level":"info","message":"User  logged out"}
{"level":"info","message":"User TCH001 logged in"}
{"level":"info","message":"User  logged out"}
{"level":"info","message":"User TCH001 logged in"}
{"level":"info","message":"User TCH001 logged in"}
{"level":"info","message":"User TCH001 logged in"}
{"level":"info","message":"User TCH001 logged in"}
{"level":"info","message":"User TCH001 logged in"}
{"level":"info","message":"User TCH001 logged in"}
{"level":"info","message":"User TCH001 logged in"}
{"level":"info","message":"User TCH001 logged in"}
{"level":"info","message":"User TCH001 logged in"}
{"level":"info","message":"User TCH001 logged in"}
{"level":"info","message":"User TCH001 logged in"}
{"level":"info","message":"User TCH001 logged in"}
{"level":"info","message":"User TCH001 logged in"}
{"level":"info","message":"User TCH001 logged in"}
{"level":"info","message":"User TCH001 logged in"}
{"level":"info","message":"User TCH001 logged in"}
{"level":"info","message":"User TCH001 logged in"}
{"level":"info","message":"User TCH001 logged in"}
{"level":"info","message":"User TCH001 logged in"}
{"level":"info","message":"User TCH001 logged in"}
{"level":"info","message":"User TCH001 logged in"}
{"level":"info","message":"User TCH001 logged in"}
{"level":"info","message":"User TCH001 logged in"}
{"level":"info","message":"User TCH001 logged in"}
{"level":"info","message":"User TCH001 logged in"}
{"level":"info","message":"User TCH001 logged in"}
{"level":"info","message":"User TCH001 logged in"}
{"level":"info","message":"User TCH001 logged in"}
{"level":"info","message":"User TCH001 logged in"}
{"level":"info","message":"User TCH001 logged in"}
{"level":"info","message":"User TCH001 logged in"}
{"level":"info","message":"User TCH001 logged in"}
{"level":"info","message":"User TCH001 logged in"}
{"level":"info","message":"User TCH001 logged in"}
{"level":"info","message":"User TCH001 logged in"}
{"level":"info","message":"User TCH001 logged in"}
{"level":"info","message":"User TCH001 logged in"}
{"level":"info","message":"User TCH001 logged in"}
{"level":"info","message":"User  logged out"}
{"level":"info","message":"User TCH001 logged in"}
{"level":"info","message":"User TCH001 logged in"}
{"level":"info","message":"User TCH001 logged in"}
{"level":"info","message":"User TCH001 logged in"}
{"level":"info","message":"User TCH001 logged in"}
{"level":"info","message":"User TCH001 logged in"}
{"level":"info","message":"User TCH001 logged in"}
{"level":"info","message":"User TCH001 logged in"}
{"level":"info","message":"User TCH001 logged in"}
{"level":"info","message":"User TCH001 logged in"}
{"level":"info","message":"User TCH001 logged in"}
{"level":"info","message":"User TCH001 logged in"}
{"level":"info","message":"User TCH001 logged in"}
{"level":"info","message":"User TCH001 logged in"}
{"level":"info","message":"User TCH001 logged in"}
{"level":"info","message":"User TCH001 logged in"}
{"level":"info","message":"User TCH001 logged in"}
{"level":"info","message":"User TCH001 logged in"}
{"level":"info","message":"User TCH001 logged in"}
{"level":"info","message":"User TCH001 logged in"}
{"level":"info","message":"User TCH001 logged in"}
{"level":"info","message":"User TCH001 logged in"}
{"level":"info","message":"User TCH001 logged in"}
{"level":"info","message":"User TCH001 logged in"}
{"level":"info","message":"User TCH001 logged in"}
{"level":"info","message":"User TCH001 logged in"}
{"level":"info","message":"User TCH001 logged in"}
{"level":"info","message":"User TCH001 logged in"}
{"level":"info","message":"User TCH001 logged in"}
{"level":"info","message":"User TCH001 logged in"}
{"level":"info","message":"User TCH001 logged in"}
{"level":"info","message":"User TCH001 logged in"}
{"level":"info","message":"User  logged out"}
{"level":"info","message":"User TCH001 logged in"}
{"level":"info","message":"User TCH001 logged in"}
{"level":"info","message":"User  logged out"}
{"level":"info","message":"User TCH001 logged in"}
{"level":"info","message":"User  logged out"}
{"level":"info","message":"User TCH001 logged in"}
{"level":"info","message":"User TCH001 logged in"}
{"level":"info","message":"User  logged out"}
{"level":"info","message":"User TCH001 logged in"}
{"level":"info","message":"User TCH001 logged in"}
{"level":"info","message":"User TCH001 logged in"}
{"level":"info","message":"User TCH001 logged in"}
{"level":"info","message":"User  logged out"}
{"level":"info","message":"User TCH001 logged in"}
{"level":"info","message":"User TCH001 logged in"}
{"level":"info","message":"User TCH001 logged in"}
{"level":"info","message":"User TCH001 logged in"}
{"level":"info","message":"User TCH001 logged in"}
{"level":"info","message":"User TCH001 logged in"}
{"level":"info","message":"User TCH001 logged in"}
{"level":"info","message":"User TCH001 logged in"}
{"level":"info","message":"User TCH001 logged in"}
{"level":"info","message":"User TCH001 logged in"}
{"level":"info","message":"User TCH001 logged in"}
{"level":"info","message":"User TCH001 logged in"}
{"level":"info","message":"User TCH001 logged in"}
{"level":"info","message":"User TCH001 logged in"}
{"level":"info","message":"User  logged out"}
{"level":"info","message":"User TCH001 logged in"}
{"level":"info","message":"User TCH001 logged in"}
{"level":"info","message":"User TCH001 logged in"}
{"level":"info","message":"User TCH001 logged in"}
{"level":"info","message":"User  logged out"}
{"level":"info","message":"User TCH001 logged in"}
{"level":"info","message":"User TCH001 logged in"}
{"level":"info","message":"User TCH001 logged in"}
{"level":"info","message":"User TCH001 logged in"}
{"level":"info","message":"User TCH001 logged in"}
{"level":"info","message":"User TCH001 logged in"}
{"level":"info","message":"User TCH001 logged in"}
{"level":"info","message":"User TCH001 logged in"}
{"level":"info","message":"User  logged out"}
{"level":"info","message":"User TCH002 logged in"}
{"level":"info","message":"User TCH002 logged in"}
{"level":"info","message":"User TCH002 logged in"}
{"level":"info","message":"User TCH002 logged in"}
{"level":"info","message":"User TCH002 logged in"}
{"level":"info","message":"User TCH002 logged in"}
{"level":"info","message":"User TCH002 logged in"}
{"level":"info","message":"User TCH002 logged in"}
{"level":"info","message":"User TCH002 logged in"}
{"level":"info","message":"User TCH002 logged in"}
{"level":"info","message":"User TCH002 logged in"}
{"level":"info","message":"User TCH002 logged in"}
{"level":"info","message":"User STU789 logged in"}
{"level":"info","message":"User STU789 logged in"}
{"level":"info","message":"User STU789 logged in"}
{"level":"info","message":"User STU789 logged in"}
{"level":"info","message":"User STU789 logged in"}
{"level":"info","message":"User STU789 logged in"}
{"level":"info","message":"User STU789 logged in"}
{"level":"info","message":"User STU789 logged in"}
{"level":"info","message":"User STU789 logged in"}
{"level":"info","message":"User STU789 logged in"}
{"level":"info","message":"User STU789 logged in"}
{"level":"info","message":"User STU789 logged in"}
{"level":"info","message":"User STU789 logged in"}
{"level":"info","message":"User STU789 logged in"}
{"level":"info","message":"User STU789 logged in"}
{"level":"info","message":"User STU789 logged in"}
{"level":"info","message":"User STU789 logged in"}
{"level":"info","message":"User STU789 logged in"}
{"level":"info","message":"User TCH002 logged in"}
{"level":"info","message":"User STU789 logged in"}
{"level":"info","message":"User STU789 logged in"}
{"level":"info","message":"User TCH002 logged in"}
{"level":"info","message":"User STU789 logged in"}
{"level":"info","message":"User TCH002 logged in"}
{"level":"info","message":"User STU789 logged in"}
{"level":"info","message":"User STU789 logged in"}
{"level":"info","message":"User STU789 logged in"}
{"level":"info","message":"User STU789 logged in"}
{"level":"info","message":"User STU789 logged in"}
{"level":"info","message":"User STU789 logged in"}
{"level":"info","message":"User STU789 logged in"}
{"level":"info","message":"User STU789 logged in"}
{"level":"info","message":"User STU789 logged in"}
{"level":"info","message":"User STU789 logged in"}
{"level":"info","message":"User STU789 logged in"}
{"level":"info","message":"User STU789 logged in"}
{"level":"info","message":"User STU789 logged in"}
{"level":"info","message":"User STU789 logged in"}
{"level":"info","message":"User STU789 logged in"}
{"level":"info","message":"User STU789 logged in"}
{"level":"info","message":"User STU789 logged in"}
{"level":"info","message":"User STU789 logged in"}
{"level":"info","message":"User TCH001 logged in"}
{"level":"info","message":"User STU789 logged in"}
{"level":"info","message":"User STU789 logged in"}
{"level":"info","message":"User STU789 logged in"}
{"level":"info","message":"User STU789 logged in"}
{"level":"info","message":"User TCH001 logged in"}
{"level":"info","message":"User STU789 logged in"}
{"level":"info","message":"User TCH001 logged in"}
{"level":"info","message":"User STU789 logged in"}
{"level":"info","message":"User STU789 logged in"}
{"level":"info","message":"User STU789 logged in"}
{"level":"info","message":"User STU789 logged in"}
{"level":"info","message":"User TCH001 logged in"}
{"level":"info","message":"User STU789 logged in"}
{"level":"info","message":"User STU789 logged in"}
{"level":"info","message":"User STU789 logged in"}
{"level":"info","message":"User STU789 logged in"}
{"level":"info","message":"User STU789 logged in"}
{"level":"info","message":"User TCH001 logged in"}
{"level":"info","message":"User STU789 logged in"}
{"level":"info","message":"User STU789 logged in"}
{"level":"info","message":"User STU789 logged in"}
{"level":"info","message":"User STU789 logged in"}
{"level":"info","message":"User STU789 logged in"}
{"level":"info","message":"User STU789 logged in"}
{"level":"info","message":"User TCH001 logged in"}
{"level":"info","message":"User TCH001 logged in"}
{"level":"info","message":"User  logged out"}
{"level":"info","message":"User TCH002 logged in"}
{"level":"info","message":"User TCH002 logged in"}
{"level":"info","message":"User STU789 logged in"}
{"level":"info","message":"User STU789 logged in"}
{"level":"info","message":"User STU789 logged in"}
{"level":"info","message":"User STU789 logged in"}
{"level":"info","message":"User STU789 logged in"}
{"level":"info","message":"User STU789 logged in"}
{"level":"info","message":"User STU789 logged in"}
{"level":"info","message":"User STU789 logged in"}
{"level":"info","message":"User STU789 logged in"}
{"level":"info","message":"User STU789 logged in"}
{"level":"info","message":"User STU789 logged in"}
{"level":"info","message":"User STU789 logged in"}
{"level":"info","message":"User STU789 logged in"}
{"level":"info","message":"User STU789 logged in"}
{"level":"info","message":"User STU789 logged in"}
{"level":"info","message":"User STU789 logged in"}
{"level":"info","message":"User TCH002 logged in"}
{"level":"info","message":"User TCH002 logged in"}
{"level":"info","message":"User STU789 logged in"}
{"level":"info","message":"User TCH001 logged in"}
{"level":"info","message":"User STU789 logged in"}
{"level":"info","message":"User TCH001 logged in"}
{"level":"info","message":"User STU789 logged in"}
{"level":"info","message":"User STU789 logged in"}
{"level":"info","message":"User STU789 logged in"}
{"level":"info","message":"User STU789 logged in"}
{"level":"info","message":"User STU789 logged in"}
{"level":"info","message":"User STU789 logged in"}
{"level":"info","message":"User STU789 logged in"}
{"level":"info","message":"User STU789 logged in"}
{"level":"info","message":"User STU789 logged in"}
{"level":"info","message":"User TCH001 logged in"}
{"level":"info","message":"User STU789 logged in"}
{"level":"info","message":"User STU789 logged in"}
{"level":"info","message":"User STU789 logged in"}
{"level":"info","message":"User STU789 logged in"}
{"level":"info","message":"User STU789 logged in"}
{"level":"info","message":"User STU789 logged in"}
{"level":"info","message":"User STU789 logged in"}
{"level":"info","message":"User STU789 logged in"}
{"level":"info","message":"User STU789 logged in"}
{"level":"info","message":"User STU789 logged in"}
{"level":"info","message":"User STU789 logged in"}
{"level":"info","message":"User STU789 logged in"}
{"level":"info","message":"User STU789 logged in"}
{"level":"info","message":"User STU789 logged in"}
{"level":"info","message":"User STU789 logged in"}
{"level":"info","message":"User STU789 logged in"}
{"level":"info","message":"User STU789 logged in"}
{"level":"info","message":"User STU789 logged in"}
{"level":"info","message":"User STU789 logged in"}
{"level":"info","message":"User STU789 logged in"}
{"level":"info","message":"User STU789 logged in"}
{"level":"info","message":"User STU789 logged in"}
{"level":"info","message":"User STU789 logged in"}
{"level":"info","message":"User STU789 logged in"}
{"level":"info","message":"User STU789 logged in"}
{"level":"info","message":"User STU789 logged in"}
{"level":"info","message":"User STU789 logged in"}
{"level":"info","message":"User STU789 logged in"}
{"level":"info","message":"User STU789 logged in"}
{"level":"info","message":"User STU789 logged in"}
{"level":"info","message":"User STU789 logged in"}
{"level":"info","message":"User STU789 logged in"}
{"level":"info","message":"User STU789 logged in"}
{"level":"info","message":"User STU789 logged in"}
{"level":"info","message":"User STU789 logged in"}
{"level":"info","message":"User STU789 logged in"}
{"level":"info","message":"User STU789 logged in"}
{"level":"info","message":"User STU789 logged in"}
{"level":"info","message":"User STU789 logged in"}
{"level":"info","message":"User STU789 logged in"}
{"level":"info","message":"User STU789 logged in"}
{"level":"info","message":"User STU789 logged in"}
{"level":"info","message":"User STU789 logged in"}
{"level":"info","message":"User STU789 logged in"}
{"level":"info","message":"User STU789 logged in"}
{"level":"info","message":"User STU789 logged in"}
{"level":"info","message":"User STU789 logged in"}
{"level":"info","message":"User STU789 logged in"}
{"level":"info","message":"User STU789 logged in"}
{"level":"info","message":"User STU789 logged in"}
{"level":"info","message":"User STU789 logged in"}
{"level":"info","message":"User STU789 logged in"}
{"level":"info","message":"User STU789 logged in"}
{"level":"info","message":"User STU789 logged in"}
{"level":"info","message":"User STU789 logged in"}
{"level":"info","message":"User STU789 logged in"}
{"level":"info","message":"User STU789 logged in"}
{"level":"info","message":"User STU789 logged in"}
{"level":"info","message":"User STU789 logged in"}
{"level":"info","message":"User STU789 logged in"}
{"level":"info","message":"User STU789 logged in"}
{"level":"info","message":"User STU789 logged in"}
{"level":"info","message":"User STU789 logged in"}
{"level":"info","message":"User STU789 logged in"}
{"level":"info","message":"User STU789 logged in"}
{"level":"info","message":"User STU789 logged in"}
{"level":"info","message":"User STU789 logged in"}
{"level":"info","message":"User STU789 logged in"}
{"level":"info","message":"User STU789 logged in"}
{"level":"info","message":"User STU789 logged in"}
{"level":"info","message":"User STU789 logged in"}
{"level":"info","message":"User STU789 logged in"}
{"level":"info","message":"User STU789 logged in"}
{"level":"info","message":"User STU789 logged in"}
{"level":"info","message":"User STU789 logged in"}
{"level":"info","message":"User STU789 logged in"}
{"level":"info","message":"User STU789 logged in"}
{"level":"info","message":"User STU789 logged in"}
{"level":"info","message":"User STU789 logged in"}
{"level":"info","message":"User TCH001 logged in"}
{"level":"info","message":"User TCH001 logged in"}
{"level":"info","message":"User STU789 logged in"}
{"level":"info","message":"User TCH001 logged in"}
{"level":"info","message":"User STU789 logged in"}
{"level":"info","message":"User STU789 logged in"}
{"level":"info","message":"User STU789 logged in"}
{"level":"info","message":"User STU789 logged in"}
{"level":"info","message":"User STU789 logged in"}
{"level":"info","message":"User STU789 logged in"}
{"level":"info","message":"User STU789 logged in"}
{"level":"info","message":"User STU789 logged in"}
{"level":"info","message":"User STU789 logged in"}
{"level":"info","message":"User TCH001 logged in"}
{"level":"info","message":"User STU789 logged in"}
{"level":"info","message":"User STU789 logged in"}
{"level":"info","message":"User STU789 logged in"}
{"level":"info","message":"User STU789 logged in"}
{"level":"info","message":"User STU789 logged in"}
{"level":"info","message":"User STU789 logged in"}
{"level":"info","message":"User STU789 logged in"}
{"level":"info","message":"User TCH001 logged in"}
{"level":"info","message":"User STU789 logged in"}
{"level":"info","message":"User TCH001 logged in"}
{"level":"info","message":"User TCH001 logged in"}
{"level":"info","message":"User TCH002 logged in"}
{"level":"info","message":"User TCH001 logged in"}
{"level":"info","message":"User TCH002 logged in"}
{"level":"info","message":"User TCH001 logged in"}
{"level":"info","message":"User TCH001 logged in"}
{"level":"info","message":"User TCH001 logged in"}
{"level":"info","message":"User TCH001 logged in"}
{"level":"info","message":"User TCH001 logged in"}
{"level":"info","message":"User TCH001 logged in"}
{"level":"info","message":"User TCH001 logged in"}
{"level":"info","message":"User TCH001 logged in"}
{"level":"info","message":"User TCH001 logged in"}
{"level":"info","message":"User TCH001 logged in"}
{"level":"info","message":"User TCH001 logged in"}
{"level":"info","message":"User TCH001 logged in"}
{"level":"info","message":"User  logged out"}
{"level":"info","message":"User STU789 logged in"}
{"level":"info","message":"User TCH002 logged in"}
{"level":"info","message":"User TCH001 logged in"}
{"level":"info","message":"User TCH001 logged in"}
{"level":"info","message":"User TCH001 logged in"}
{"level":"info","message":"User TCH001 logged in"}
{"level":"info","message":"User TCH001 logged in"}
{"level":"info","message":"User TCH001 logged in"}
{"level":"info","message":"User TCH001 logged in"}
{"level":"info","message":"User TCH001 logged in"}
{"level":"info","message":"User TCH001 logged in"}
{"level":"info","message":"User TCH001 logged in"}
{"level":"info","message":"User TCH001 logged in"}
{"level":"info","message":"User TCH001 logged in"}
{"level":"info","message":"User TCH001 logged in"}
{"level":"info","message":"User TCH001 logged in"}
{"level":"info","message":"User TCH001 logged in"}
{"level":"info","message":"User TCH001 logged in"}
{"level":"info","message":"User TCH001 logged in"}
{"level":"info","message":"User TCH001 logged in"}
{"level":"info","message":"User TCH001 logged in"}
{"level":"info","message":"User TCH001 logged in"}
{"level":"info","message":"User TCH001 logged in"}
{"level":"info","message":"User TCH001 logged in"}
{"level":"info","message":"User TCH001 logged in"}
{"level":"info","message":"User TCH001 logged in"}
{"level":"info","message":"User TCH001 logged in"}
{"level":"info","message":"User TCH001 logged in"}
{"level":"info","message":"User TCH001 logged in"}
{"level":"info","message":"User TCH001 logged in"}
{"level":"info","message":"User TCH001 logged in"}
{"level":"info","message":"User TCH001 logged in"}
{"level":"info","message":"User TCH001 logged out"}
{"level":"info","message":"User TCH001 logged in"}
{"level":"info","message":"User STU789 logged in"}
{"level":"info","message":"User TCH0072 logged in"}
{"level":"info","message":"User TCH0072 logged out"}
{"level":"info","message":"User TCH001 logged in"}
{"level":"info","message":"User TCH0072 logged in"}
{"level":"info","message":"User STU789 logged in"}
{"level":"info","message":"User STU789 logged out"}
{"level":"info","message":"User STU789 logged out"}
{"level":"info","message":"User STU789 logged out"}
{"level":"info","message":"User TCH001 logged in"}
{"level":"info","message":"User TCH0072 logged in"}
{"level":"info","message":"User STU789 logged in"}
{"level":"info","message":"User TCH001 logged in"}
{"level":"info","message":"User STU789 logged out"}
{"level":"info","message":"User STU789 logged out"}
{"level":"info","message":"User TCH0072 logged out"}
{"level":"info","message":"User TCH0072 logged out"}
{"level":"info","message":"User TCH001 logged out"}
{"level":"info","message":"User TCH001 logged out"}
{"level":"info","message":"User TCH001 logged in"}
{"level":"info","message":"User TCH0072 logged in"}
{"level":"info","message":"User STU789 logged in"}
{"level":"info","message":"User TCH001 logged out"}
{"level":"info","message":"User TCH001 logged out"}
{"level":"info","message":"User TCH0072 logged out"}
{"level":"info","message":"User TCH0072 logged out"}
{"level":"info","message":"User STU789 logged out"}
{"level":"info","message":"User STU789 logged out"}
{"level":"info","message":"User TCH001 logged in"}
{"level":"info","message":"User STU789 logged in"}
{"level":"info","message":"User TCH001 logged out"}
{"level":"info","message":"User TCH001 logged out"}
{"level":"info","message":"User STU789 logged out"}
{"level":"info","message":"User STU789 logged out"}
{"level":"info","message":"User TCH001 logged in"}
{"level":"info","message":"User TCH001 logged in"}
{"level":"info","message":"User TCH001 logged in"}
{"level":"info","message":"User TCH001 logged in"}
{"level":"info","message":"User TCH001 logged in"}
{"level":"info","message":"User TCH001 logged in"}
{"level":"info","message":"User STU789 logged in"}
{"level":"info","message":"User TCH0072 logged in"}
{"level":"info","message":"User STU789 logged in"}
{"level":"info","message":"User TCH001 logged in"}
{"level":"info","message":"User STU789 logged in"}
{"level":"info","message":"User TCH0072 logged in"}
{"level":"info","message":"User TCH001 logged in"}
{"level":"info","message":"User TCH001 logged out"}
{"level":"info","message":"User TCH001 logged out"}
{"level":"info","message":"User TCH0072 logged in"}
{"level":"info","message":"User TCH001 logged in"}
{"level":"info","message":"User STU789 logged in"}
{"level":"info","message":"User TCH001 logged in"}
{"level":"info","message":"User TCH001 logged in"}
{"level":"info","message":"User TCH001 logged in"}
{"level":"info","message":"User STU789 logged in"}
{"level":"info","message":"User TCH001 logged in"}
{"level":"info","message":"User STU789 logged in"}
{"level":"info","message":"User STU789 logged in"}
{"level":"info","message":"User STU789 logged in"}
{"level":"info","message":"User STU789 logged in"}
{"level":"info","message":"User STU789 logged in"}
{"level":"info","message":"User STU789 logged in"}
{"level":"info","message":"User STU789 logged out"}
{"level":"info","message":"User STU789 logged out"}
{"level":"info","message":"User TCH001 logged out"}
{"level":"info","message":"User TCH001 logged out"}
{"level":"info","message":"User TCH0072 logged out"}
{"level":"info","message":"User TCH0072 logged out"}
{"level":"info","message":"User TCH001 logged in"}
{"level":"info","message":"User TCH001 logged out"}
{"level":"info","message":"User TCH001 logged out"}
{"level":"info","message":"User TCH0072 logged in"}
{"level":"info","message":"User TCH0072 logged out"}
{"level":"info","message":"User TCH0072 logged out"}
{"level":"info","message":"User STU789 forgotten password changed"}
{"level":"info","message":"User STU789 logged in"}
{"level":"info","message":"User STU789 logged out"}
{"level":"info","message":"User STU789 logged out"}
{"level":"info","message":"User TCH001 logged in"}
{"level":"info","message":"User TCH001 logged out"}
{"level":"info","message":"User TCH001 logged out"}
{"level":"info","message":"User TCH0072 logged in"}
{"level":"info","message":"User TCH0072 logged out"}
{"level":"info","message":"User TCH0072 logged out"}
{"level":"info","message":"User STU789 logged in"}
{"level":"info","message":"User STU789 logged out"}
{"level":"info","message":"User STU789 logged out"}
{"level":"info","message":"User TCH001 logged in"}
{"level":"info","message":"User TCH001 logged in"}
{"level":"info","message":"User TCH001 logged in"}
{"level":"info","message":"User TCH001 logged in"}
{"level":"info","message":"User STU789 logged in"}
{"level":"info","message":"User STU789 logged in"}
{"level":"info","message":"User STU789 logged in"}
{"level":"info","message":"User STU789 logged in"}
{"level":"info","message":"User STU789 logged in"}
{"level":"info","message":"User TCH001 logged in"}
{"level":"info","message":"User TCH001 logged in"}
{"level":"info","message":"User TCH001 logged in"}
{"level":"info","message":"User TCH001 logged in"}
{"level":"info","message":"User TCH001 logged in"}
{"level":"info","message":"User STU789 logged in"}
{"level":"info","message":"User STU789 logged in"}
{"level":"info","message":"User STU789 logged in"}
{"level":"info","message":"User STU789 logged in"}
{"level":"info","message":"User STU789 logged in"}
{"level":"info","message":"User STU789 logged in"}
{"level":"info","message":"User STU789 logged in"}
{"level":"info","message":"User STU789 logged in"}
{"level":"info","message":"User TCH001 logged in"}
{"level":"info","message":"User TCH001 logged in"}
{"level":"info","message":"User STU789 logged in"}
{"level":"info","message":"User STU789 logged in"}
{"level":"info","message":"User STU789 logged in"}
{"level":"info","message":"User TCH001 logged in"}
{"level":"info","message":"User STU789 logged in"}
{"level":"info","message":"User TCH001 logged in"}
{"level":"info","message":"User STU789 logged in"}
{"level":"info","message":"User STU789 logged in"}
{"level":"info","message":"User STU789 logged in"}
{"level":"info","message":"User STU789 logged in"}
{"level":"info","message":"User STU789 logged in"}
{"level":"info","message":"User STU789 logged out"}
{"level":"info","message":"User STU789 logged out"}
{"level":"info","message":"User TCH001 logged in"}
{"level":"info","message":"User STU789 logged in"}
{"level":"info","message":"User TCH001 logged in"}
{"level":"info","message":"User TCH001 logged in"}
{"level":"info","message":"User STU789 logged in"}
{"level":"info","message":"User TCH001 logged in"}
{"level":"info","message":"User TCH001 logged in"}
{"level":"info","message":"User TCH001 logged out"}
{"level":"info","message":"User TCH001 logged out"}
{"level":"info","message":"User TCH001 logged in"}
{"level":"info","message":"User TCH001 logged in"}
{"level":"info","message":"User TCH001 logged out"}
{"level":"info","message":"User TCH001 logged out"}
{"level":"info","message":"User STU789 logged in"}
{"level":"info","message":"User TCH001 logged out"}
{"level":"info","message":"User TCH001 logged out"}
{"level":"info","message":"User TCH001 logged in"}
{"level":"info","message":"User TCH001 Changed his password"}
{"level":"info","message":"User TCH001 Changed his password"}
{"level":"info","message":"User TCH001 logged out"}
{"level":"info","message":"User TCH001 logged out"}
{"level":"info","message":"User STU789 logged in"}
{"level":"info","message":"User STU789 Changed his password"}
{"level":"info","message":"User STU789 logged in"}
{"level":"info","message":"User STU789 logged in"}
{"level":"info","message":"User STU789 logged out"}
{"level":"info","message":"User STU789 logged out"}
{"level":"info","message":"User TCH0072 logged in"}
{"level":"info","message":"User TCH001 logged in"}
{"level":"info","message":"User STU789 logged in"}
{"level":"info","message":"User TCH001 logged in"}
{"level":"info","message":"User TCH0072 logged in"}
{"level":"info","message":"User TCH001 logged in"}
{"level":"info","message":"User TCH001 logged in"}
{"level":"info","message":"User TCH001 logged out"}
{"level":"info","message":"User TCH001 logged out"}
{"level":"info","message":"User TCH0072 logged in"}
{"level":"info","message":"User TCH0072 Changed his password"}
{"level":"info","message":"User TCH0072 logged out"}
{"level":"info","message":"User TCH0072 logged out"}
{"level":"info","message":"User TCH001 logged in"}
{"level":"info","message":"User STU789 logged in"}
{"level":"info","message":"User STU789 logged in"}
{"level":"info","message":"Student TCH001 Marked his attendances for Subject SUB005"}
{"level":"info","message":"Student TCH001 Marked his attendances for Subject SUB005"}
{"level":"info","message":"Student TCH001 Marked his attendance for Subject SUB005"}
{"level":"info","message":"Student TCH001 marked his attendance for Subject SUB005"}
{"level":"info","message":"Student TCH001 marked his attendance for Subject SUB005"}
{"level":"info","message":"Student TCH001 marked his attendance for Subject SUB005"}
{"level":"info","message":"Student TCH001 marked his attendance for Subject SUB005"}
{"level":"info","message":"Student TCH001 marked his attendance for Subject SUB005"}
{"level":"info","message":"Student TCH001 marked his attendance for Subject SUB005"}
{"level":"info","message":"Student TCH001 marked his attendance for Subject SUB005"}
{"level":"info","message":"Student TCH001 marked his attendance for Subject SUB005"}
{"level":"info","message":"Student TCH001 marked his attendance for Subject SUB002"}
{"level":"info","message":"Student TCH001 marked his attendance for Subject SUB005"}
{"level":"info","message":"User STU789 logged in"}
{"level":"info","message":"Student TCH001 marked his attendance for Subject SUB002"}
{"level":"info","message":"Student TCH001 marked his attendance for Subject SUB005"}
{"level":"info","message":"Student TCH001 marked his attendance for Subject SUB005"}
{"level":"info","message":"Student TCH001 marked his attendance for Subject SUB002"}
{"level":"info","message":"Student TCH001 marked his attendance for Subject SUB002"}
{"level":"info","message":"Student TCH001 marked his attendance for Subject SUB002"}
{"level":"info","message":"Student TCH001 marked his attendance for Subject SUB002"}
{"level":"info","message":"Student TCH001 marked his attendance for Subject SUB002"}
{"level":"info","message":"Student TCH001 marked his attendance for Subject SUB002"}
{"level":"info","message":"User TCH001 logged in"}
{"level":"info","message":"Teacher TCH001 marked the attendances for Subject SUB002 of students STU789,STU345"}
{"level":"info","message":"User TCH001 logged in"}
{"level":"info","message":"Teacher TCH001 marked the attendances for Subject SUB002 of students STU789,STU345"}
{"level":"info","message":"User TCH001 logged in"}
{"level":"info","message":"User STU789 logged in"}
{"level":"info","message":"User STU789 logged in"}
{"level":"info","message":"User TCH001 logged in"}
{"level":"info","message":"User STU789 logged in"}
{"level":"info","message":"User STU789 logged in"}
{"level":"info","message":"User TCH001 logged in"}
{"level":"info","message":"User TCH001 created Qrcode for sectionG "}
{"level":"info","message":"User STU789 logged in"}
{"level":"info","message":"User TCH001 logged in"}
{"level":"info","message":"User TCH001 logged out"}
{"level":"info","message":"User TCH001 logged out"}
{"level":"info","message":"User TCH0072 logged in"}
{"level":"info","message":"User TCH0072 created Qrcode for sectionf "}
{"level":"info","message":"User STU789 logged in"}
{"level":"info","message":"Student TCH0072 marked his attendance for Subject SUB005"}
{"level":"info","message":"Student TCH0072 marked his attendance for Subject SUB005"}
